ayw255
*   aaf35e9 Merge branch 'b5' to master
|\
| *   ced62d3 Merge branch 'b3' into HEAD
| |\
| | * a07894c 4th commit (1st on b3)
* | |   8ebc43f Merge branch 'b4' to master
|\ \ \
| |/ /
|/| |
| * | 70334cd 5th commit (1st on b4)
* | |   b2ed645 Merge branch 'b1' to master
|\ \ \
| |/ /
| | /
| |/
|/|
| * 07c3f44 2nd commit (1st on b1)
* | d4d8d74 3rd commit (2nd on master)
|/
* 19126e3 1st commit (1st on master).

ks4841
*   b5879b0 eight
|\
| *   ccbea52 6
| |\
| | * aec5852 3
| * |   2221c16 4
| |\ \
| | |/
| |/|
| * | 28f9ddb 1
* | | ec143f7 5
| |/
|/|
* | 463a00a 2
|/
* e2ccb48 0

ss8955
*   5958e8e Merge branch 's5'
|\  
| *   cf23122 Merge branch 's3' into HEAD
| |\  
| | * bba60cc 4th commit (1st on s3)
* | |   ae8e833 merge s4 to master
|\ \ \  
| |/ /  
|/| |   
| * | 852cd7a 5th commit (1st on s4)
* | |   b104244 merge s1 to master
|\ \ \  
| |/ /  
| | /   
| |/    
|/|     
| * 422b4ca 2nd commit (1st on s1)
* | 03755a9 3rd commit (2nd on master)
|/  
* b7251c9 1st commit (1st on master).
