ks4841
*   b5879b0 eight
|\
| *   ccbea52 6
| |\
| | * aec5852 3
| * |   2221c16 4
| |\ \
| | |/
| |/|
| * | 28f9ddb 1
* | | ec143f7 5
| |/
|/|
* | 463a00a 2
|/
* e2ccb48 0

ss8955
*   5958e8e Merge branch 's5'
|\
| *   cf23122 Merge branch 's3' into HEAD
| |\
| | * bba60cc 4th commit (1st on s3)
* | |   ae8e833 merge s4 to master
|\ \ \
| |/ /
|/| |
| * | 852cd7a 5th commit (1st on s4)
* | |   b104244 merge s1 to master
|\ \ \
| |/ /
| | /
| |/
|/|
| * 422b4ca 2nd commit (1st on s1)
* | 03755a9 3rd commit (2nd on master)
|/
* b7251c9 1st commit (1st on master).

zy1129
*   6a906b8 9th commit on master
|\  
| *   3ae8e4d 8th commit on b1
| |\  
| * | e21f5e2 6th commit on b1
* | |   74f624e 7th commit on master
|\ \ \  
| | |/  
| |/|   
| * |   3b17079 4th commit on b2
| |\ \  
| | |/  
| | * d6255e1 3rd commit on b1
* | | 8e1f521 5th commit on master
|/ /  
* | a1c23ee 2nd commit on master
|/  
* 0f7011a 1st commit
